wandb: Starting wandb agent 🕵️
2021-10-16 04:53:12,902 - wandb.wandb_agent - INFO - Running runs: []
2021-10-16 04:53:13,022 - wandb.wandb_agent - INFO - Agent received command: run
2021-10-16 04:53:13,022 - wandb.wandb_agent - INFO - Agent starting run with config:
	train_cfg.base_lr: 0.8
	train_cfg.weight_decay: 5e-06
2021-10-16 04:53:13,024 - wandb.wandb_agent - INFO - About to run command: /usr/bin/env python regnets_trainer/train.py --train_cfg.base_lr=0.8 --train_cfg.weight_decay=5e-06
python: can't open file 'regnets_trainer/train.py': [Errno 2] No such file or directory
2021-10-16 04:53:18,036 - wandb.wandb_agent - INFO - Running runs: ['cx30o7lj']
2021-10-16 04:53:18,037 - wandb.wandb_agent - INFO - Cleaning up finished run: cx30o7lj
2021-10-16 04:53:18,178 - wandb.wandb_agent - INFO - Agent received command: run
2021-10-16 04:53:18,178 - wandb.wandb_agent - INFO - Agent starting run with config:
	train_cfg.base_lr: 0.4
	train_cfg.weight_decay: 5e-05
2021-10-16 04:53:18,180 - wandb.wandb_agent - INFO - About to run command: /usr/bin/env python regnets_trainer/train.py --train_cfg.base_lr=0.4 --train_cfg.weight_decay=5e-05
python: can't open file 'regnets_trainer/train.py': [Errno 2] No such file or directory
2021-10-16 04:53:23,190 - wandb.wandb_agent - INFO - Running runs: ['b3ohpb0d']
2021-10-16 04:53:23,193 - wandb.wandb_agent - INFO - Cleaning up finished run: b3ohpb0d
2021-10-16 04:53:23,311 - wandb.wandb_agent - INFO - Agent received command: run
2021-10-16 04:53:23,311 - wandb.wandb_agent - INFO - Agent starting run with config:
	train_cfg.base_lr: 0.4
	train_cfg.weight_decay: 1e-05
2021-10-16 04:53:23,312 - wandb.wandb_agent - INFO - About to run command: /usr/bin/env python regnets_trainer/train.py --train_cfg.base_lr=0.4 --train_cfg.weight_decay=1e-05
python: can't open file 'regnets_trainer/train.py': [Errno 2] No such file or directory
2021-10-16 04:53:28,323 - wandb.wandb_agent - INFO - Running runs: ['nyvmw9vh']
2021-10-16 04:53:28,325 - wandb.wandb_agent - ERROR - Detected 3 failed runs in the first 60 seconds, shutting down.
2021-10-16 04:53:28,326 - wandb.wandb_agent - INFO - To disable this check set WANDB_AGENT_DISABLE_FLAPPING=true
wandb: Terminating and syncing runs. Press ctrl-c to kill.
